<?xml version="1.0" encoding="UTF-8"?>
<!-- Generated by org.testng.reporters.JUnitReportReporter -->
<testsuite hostname="LAPTOP-9N71JPJP" failures="0" tests="1" name="TestCases.LoginPageTest" time="12.491" errors="0" timestamp="2022-08-17T12:11:00 IST" skipped="0">
  <testcase classname="TestCases.LoginPageTest" name="verifyTitleTest" time="12.491"/>
</testsuite> <!-- TestCases.LoginPageTest -->
