<?xml version="1.0" encoding="UTF-8"?>
<!-- Generated by org.testng.reporters.JUnitReportReporter -->
<testsuite hostname="LAPTOP-9N71JPJP" failures="0" tests="1" name="TestCases.DashboardPageTest" time="32.447" errors="0" timestamp="2022-08-22T12:29:20 IST" skipped="0">
  <testcase classname="TestCases.DashboardPageTest" name="verifyorderbuttonTest" time="32.447"/>
</testsuite> <!-- TestCases.DashboardPageTest -->
